
WARNING: apt does not have a stable CLI interface. Use with caution in scripts.

Get:1 http://security.ubuntu.com/ubuntu noble-security InRelease [126 kB]
Get:2 https://download.docker.com/linux/ubuntu noble InRelease [48.5 kB]
Hit:3 http://archive.ubuntu.com/ubuntu noble InRelease
Get:4 http://archive.ubuntu.com/ubuntu noble-updates InRelease [126 kB]
Get:5 https://download.docker.com/linux/ubuntu noble/stable amd64 Packages [51.4 kB]
Get:6 http://security.ubuntu.com/ubuntu noble-security/main amd64 Packages [1620 kB]
Get:7 http://archive.ubuntu.com/ubuntu noble-backports InRelease [126 kB]
Get:8 http://archive.ubuntu.com/ubuntu noble-updates/main amd64 Packages [1919 kB]
Get:9 http://security.ubuntu.com/ubuntu noble-security/main Translation-en [259 kB]
Get:10 http://security.ubuntu.com/ubuntu noble-security/main amd64 Components [21.9 kB]
Get:11 http://security.ubuntu.com/ubuntu noble-security/main amd64 c-n-f Metadata [11.0 kB]
Get:12 http://security.ubuntu.com/ubuntu noble-security/universe amd64 Packages [1182 kB]
Get:13 http://security.ubuntu.com/ubuntu noble-security/universe Translation-en [227 kB]
Get:14 http://security.ubuntu.com/ubuntu noble-security/universe amd64 Components [74.2 kB]
Get:15 http://security.ubuntu.com/ubuntu noble-security/universe amd64 c-n-f Metadata [23.1 kB]
Get:16 http://security.ubuntu.com/ubuntu noble-security/restricted amd64 Packages [2833 kB]
Get:17 http://security.ubuntu.com/ubuntu noble-security/restricted Translation-en [666 kB]
Get:18 http://security.ubuntu.com/ubuntu noble-security/restricted amd64 Components [212 B]
Get:19 http://security.ubuntu.com/ubuntu noble-security/multiverse amd64 Packages [28.8 kB]
Get:20 http://security.ubuntu.com/ubuntu noble-security/multiverse Translation-en [7172 B]
Get:21 http://security.ubuntu.com/ubuntu noble-security/multiverse amd64 Components [208 B]
Get:22 http://archive.ubuntu.com/ubuntu noble-updates/main Translation-en [345 kB]
Get:23 http://archive.ubuntu.com/ubuntu noble-updates/main amd64 Components [177 kB]
Get:24 http://archive.ubuntu.com/ubuntu noble-updates/main amd64 c-n-f Metadata [17.1 kB]
Get:25 http://archive.ubuntu.com/ubuntu noble-updates/universe amd64 Packages [1685 kB]
Get:26 http://archive.ubuntu.com/ubuntu noble-updates/universe Translation-en [324 kB]
Get:27 http://archive.ubuntu.com/ubuntu noble-updates/universe amd64 Components [386 kB]
Get:28 http://archive.ubuntu.com/ubuntu noble-updates/universe amd64 c-n-f Metadata [34.5 kB]
Get:29 http://archive.ubuntu.com/ubuntu noble-updates/restricted amd64 Packages [2981 kB]
Get:30 http://archive.ubuntu.com/ubuntu noble-updates/restricted Translation-en [697 kB]
Get:31 http://archive.ubuntu.com/ubuntu noble-updates/restricted amd64 Components [212 B]
Get:32 http://archive.ubuntu.com/ubuntu noble-updates/multiverse amd64 Packages [32.5 kB]
Get:33 http://archive.ubuntu.com/ubuntu noble-updates/multiverse Translation-en [8180 B]
Get:34 http://archive.ubuntu.com/ubuntu noble-updates/multiverse amd64 Components [940 B]
Get:35 http://archive.ubuntu.com/ubuntu noble-updates/multiverse amd64 c-n-f Metadata [512 B]
Get:36 http://archive.ubuntu.com/ubuntu noble-backports/main amd64 Packages [40.6 kB]
Get:37 http://archive.ubuntu.com/ubuntu noble-backports/main Translation-en [9172 B]
Get:38 http://archive.ubuntu.com/ubuntu noble-backports/main amd64 Components [7356 B]
Get:39 http://archive.ubuntu.com/ubuntu noble-backports/universe amd64 Packages [30.6 kB]
Get:40 http://archive.ubuntu.com/ubuntu noble-backports/universe Translation-en [18.2 kB]
Get:41 http://archive.ubuntu.com/ubuntu noble-backports/universe amd64 Components [10.5 kB]
Get:42 http://archive.ubuntu.com/ubuntu noble-backports/universe amd64 c-n-f Metadata [1484 B]
Get:43 http://archive.ubuntu.com/ubuntu noble-backports/restricted amd64 Components [212 B]
Get:44 http://archive.ubuntu.com/ubuntu noble-backports/multiverse amd64 Packages [748 B]
Get:45 http://archive.ubuntu.com/ubuntu noble-backports/multiverse amd64 Components [212 B]
Fetched 16.2 MB in 2s (6819 kB/s)
Reading package lists...
Building dependency tree...
Reading state information...
96 packages can be upgraded. Run 'apt list --upgradable' to see them.
